2018/09/11 04:19:29 [notice] 35#35: signal process started
2018/09/11 04:23:37 [notice] 37#37: signal process started
2018/09/11 04:35:43 [notice] 36#36: signal process started
2018/09/11 04:35:46 [notice] 42#42: signal process started
2018/09/11 04:35:47 [notice] 46#46: signal process started
2018/09/11 04:35:47 [notice] 50#50: signal process started
2018/09/11 04:37:06 [notice] 35#35: signal process started
2018/09/11 04:37:08 [notice] 42#42: signal process started
2018/09/11 04:55:33 [emerg] 36#36: unknown directive "$APP_NAME}.com.local" in /etc/nginx/conf.d/default.conf:54
2018/09/11 04:55:35 [emerg] 41#41: unknown directive "$APP_NAME}.com.local" in /etc/nginx/conf.d/default.conf:54
2018/09/11 04:55:36 [emerg] 43#43: unknown directive "$APP_NAME}.com.local" in /etc/nginx/conf.d/default.conf:54
2018/09/11 04:55:36 [emerg] 45#45: unknown directive "$APP_NAME}.com.local" in /etc/nginx/conf.d/default.conf:54
2018/09/11 04:55:36 [emerg] 47#47: unknown directive "$APP_NAME}.com.local" in /etc/nginx/conf.d/default.conf:54
2018/09/11 04:55:35 [emerg] 1#1: host not found in upstream "${APP_NAME}-fpm:9000" in /etc/nginx/conf.d/upstream.conf:1
2018/09/11 04:55:35 [emerg] 1#1: host not found in upstream "${APP_NAME}-fpm:9000" in /etc/nginx/conf.d/upstream.conf:1
2018/09/11 04:55:35 [emerg] 1#1: host not found in upstream "${APP_NAME}-fpm:9000" in /etc/nginx/conf.d/upstream.conf:1
2018/09/11 04:55:41 [emerg] 49#49: unknown directive "$APP_NAME}.com.local" in /etc/nginx/conf.d/default.conf:54
2018/09/11 04:55:41 [emerg] 51#51: unknown directive "$APP_NAME}.com.local" in /etc/nginx/conf.d/default.conf:54
2018/09/11 04:56:27 [error] 31#31: *1 connect() failed (113: No route to host) while connecting to upstream, client: 192.168.16.1, server: api.otonari.com.local, request: "GET / HTTP/1.1", upstream: "http://192.168.16.8:80/", host: "api.otonari.com.local"
2018/09/11 04:56:27 [warn] 31#31: *1 upstream server temporarily disabled while connecting to upstream, client: 192.168.16.1, server: api.otonari.com.local, request: "GET / HTTP/1.1", upstream: "http://192.168.16.8:80/", host: "api.otonari.com.local"
2018/09/11 04:56:27 [error] 31#31: *1 no live upstreams while connecting to upstream, client: 192.168.16.1, server: api.otonari.com.local, request: "GET / HTTP/1.1", upstream: "http://api.otonari.com.local/", host: "api.otonari.com.local"
2018/09/11 04:56:28 [error] 31#31: *1 no live upstreams while connecting to upstream, client: 192.168.16.1, server: api.otonari.com.local, request: "GET /favicon.ico HTTP/1.1", upstream: "http://api.otonari.com.local/favicon.ico", host: "api.otonari.com.local", referrer: "http://api.otonari.com.local/"
2018/09/11 05:34:23 [error] 31#31: *5 connect() failed (113: No route to host) while connecting to upstream, client: 192.168.16.1, server: api.otonari.com.local, request: "GET / HTTP/1.1", upstream: "http://192.168.16.8:80/", host: "api.otonari.com.local"
2018/09/11 05:34:23 [warn] 31#31: *5 upstream server temporarily disabled while connecting to upstream, client: 192.168.16.1, server: api.otonari.com.local, request: "GET / HTTP/1.1", upstream: "http://192.168.16.8:80/", host: "api.otonari.com.local"
2018/09/11 05:34:23 [error] 31#31: *5 no live upstreams while connecting to upstream, client: 192.168.16.1, server: api.otonari.com.local, request: "GET / HTTP/1.1", upstream: "http://api.otonari.com.local/", host: "api.otonari.com.local"
2018/09/11 05:34:23 [error] 31#31: *5 no live upstreams while connecting to upstream, client: 192.168.16.1, server: api.otonari.com.local, request: "GET /favicon.ico HTTP/1.1", upstream: "http://api.otonari.com.local/favicon.ico", host: "api.otonari.com.local", referrer: "http://api.otonari.com.local/"
2018/09/11 07:04:18 [emerg] 41#41: unknown directive "$APP_NAME}.com.local" in /etc/nginx/conf.d/default.conf:54
2018/09/11 07:04:19 [emerg] 44#44: unknown directive "$APP_NAME}.com.local" in /etc/nginx/conf.d/default.conf:54
2018/09/11 07:04:17 [emerg] 1#1: host not found in upstream "${APP_NAME}-fpm:9000" in /etc/nginx/conf.d/upstream.conf:1
2018/09/11 07:04:23 [emerg] 47#47: unknown directive "$APP_NAME}.com.local" in /etc/nginx/conf.d/default.conf:54
2018/09/11 07:04:18 [emerg] 1#1: host not found in upstream "${APP_NAME}-fpm:9000" in /etc/nginx/conf.d/upstream.conf:1
2018/09/11 07:04:18 [emerg] 1#1: host not found in upstream "${APP_NAME}-fpm:9000" in /etc/nginx/conf.d/upstream.conf:1
2018/09/11 07:04:24 [emerg] 49#49: unknown directive "$APP_NAME}.com.local" in /etc/nginx/conf.d/default.conf:54
2018/09/11 07:07:52 [emerg] 39#39: unknown directive "$APP_NAME}.com.local" in /etc/nginx/conf.d/default.conf:54
2018/09/11 07:07:53 [emerg] 44#44: unknown directive "$APP_NAME}.com.local" in /etc/nginx/conf.d/default.conf:54
2018/09/11 07:07:51 [emerg] 1#1: host not found in upstream "${APP_NAME}-fpm:9000" in /etc/nginx/conf.d/upstream.conf:1
2018/09/11 07:07:56 [emerg] 46#46: unknown directive "$APP_NAME}.com.local" in /etc/nginx/conf.d/default.conf:54
2018/09/11 07:07:52 [emerg] 1#1: host not found in upstream "${APP_NAME}-fpm:9000" in /etc/nginx/conf.d/upstream.conf:1
2018/09/11 07:07:52 [emerg] 1#1: host not found in upstream "${APP_NAME}-fpm:9000" in /etc/nginx/conf.d/upstream.conf:1
2018/09/11 07:07:58 [emerg] 48#48: unknown directive "$APP_NAME}.com.local" in /etc/nginx/conf.d/default.conf:54
2018/09/11 07:10:36 [emerg] 49#49: unknown directive "$APP_NAME}.com.local" in /etc/nginx/conf.d/default.conf:54
2018/09/11 07:23:39 [error] 37#37: *2 open() "/usr/share/nginx/html/favicon.ico" failed (2: No such file or directory), client: 192.168.16.1, server: localhost, request: "GET /favicon.ico HTTP/1.1", host: "api.otonari.com.local", referrer: "http://api.otonari.com.local/"
2018/09/11 07:23:56 [error] 37#37: *3 open() "/usr/share/nginx/html/favicon.ico" failed (2: No such file or directory), client: 192.168.16.1, server: localhost, request: "GET /favicon.ico HTTP/1.1", host: "localhost", referrer: "http://localhost/"
2018/09/11 07:32:56 [emerg] 39#39: unknown directive "$APP_NAME}.com.local" in /etc/nginx/conf.d/default.conf:54
2018/09/11 07:32:58 [emerg] 44#44: unknown directive "$APP_NAME}.com.local" in /etc/nginx/conf.d/default.conf:54
2018/09/11 07:32:57 [emerg] 1#1: host not found in upstream "${APP_NAME}-fpm:9000" in /etc/nginx/conf.d/upstream.conf:1
2018/09/11 07:32:58 [emerg] 1#1: host not found in upstream "${APP_NAME}-fpm:9000" in /etc/nginx/conf.d/upstream.conf:1
2018/09/11 07:32:58 [emerg] 1#1: host not found in upstream "${APP_NAME}-fpm:9000" in /etc/nginx/conf.d/upstream.conf:1
2018/09/11 07:33:03 [emerg] 47#47: unknown directive "$APP_NAME}.com.local" in /etc/nginx/conf.d/default.conf:54
2018/09/11 07:33:04 [emerg] 49#49: unknown directive "$APP_NAME}.com.local" in /etc/nginx/conf.d/default.conf:54
2018/09/11 07:33:14 [emerg] 50#50: unknown directive "$APP_NAME}.com.local" in /etc/nginx/conf.d/default.conf:54
2018/09/11 07:38:50 [emerg] 40#40: unknown directive "$APP_NAME}.com.local" in /etc/nginx/conf.d/default.conf:54
2018/09/11 07:39:08 [emerg] 45#45: unknown directive "$APP_NAME}.com.local" in /etc/nginx/conf.d/default.conf:54
2018/09/11 07:40:30 [emerg] 38#38: unknown directive "$APP_NAME}.com.local" in /etc/nginx/conf.d/default.conf:54
2018/09/11 07:40:30 [emerg] 43#43: unknown directive "$APP_NAME}.com.local" in /etc/nginx/conf.d/default.conf:54
2018/09/11 07:40:30 [emerg] 1#1: host not found in upstream "${APP_NAME}-fpm:9000" in /etc/nginx/conf.d/upstream.conf:1
2018/09/11 07:40:36 [emerg] 45#45: unknown directive "$APP_NAME}.com.local" in /etc/nginx/conf.d/default.conf:54
2018/09/11 07:40:51 [emerg] 46#46: unknown directive "$APP_NAME}.com.local" in /etc/nginx/conf.d/default.conf:54
2018/09/11 07:41:19 [emerg] 49#49: unknown directive "$APP_NAME}.com.local" in /etc/nginx/conf.d/default.conf:54
2018/09/11 07:41:19 [emerg] 1#1: host not found in upstream "${APP_NAME}-fpm:9000" in /etc/nginx/conf.d/upstream.conf:1
2018/09/11 07:41:25 [emerg] 51#51: unknown directive "$APP_NAME}.com.local" in /etc/nginx/conf.d/default.conf:54
2018/09/11 07:43:13 [emerg] 27#27: unknown directive "$APP_NAME}.com.local" in /etc/nginx/conf.d/default.conf:54
2018/09/11 07:43:14 [emerg] 1#1: host not found in upstream "${APP_NAME}-fpm:9000" in /etc/nginx/conf.d/upstream.conf:1
2018/09/11 07:44:18 [emerg] 27#27: unknown directive "$APP_NAME}.com.local" in /etc/nginx/conf.d/default.conf:54
2018/09/11 07:45:14 [emerg] 28#28: unknown directive "$APP_NAME}.com.local" in /etc/nginx/conf.d/default.conf:54
2018/09/11 07:45:15 [emerg] 1#1: host not found in upstream "${APP_NAME}-fpm:9000" in /etc/nginx/conf.d/upstream.conf:1
2018/09/11 07:45:24 [emerg] 27#27: unknown directive "$APP_NAME}.com.local" in /etc/nginx/conf.d/default.conf:54
2018/09/11 07:48:30 [emerg] 31#31: unknown directive "$APP_NAME}.com.local" in /etc/nginx/conf.d/default.conf:54
2018/09/11 07:48:30 [emerg] 1#1: host not found in upstream "${APP_NAME}-fpm:9000" in /etc/nginx/conf.d/upstream.conf:1
2018/09/11 07:48:54 [notice] 39#39: signal process started
2018/09/11 07:48:54 [emerg] 1#1: host not found in upstream "${APP_NAME}-fpm:9000" in /etc/nginx/conf.d/upstream.conf:1
2018/09/11 07:49:00 [notice] 46#46: signal process started
2018/09/11 07:49:17 [notice] 49#49: signal process started
2018/09/11 07:50:25 [notice] 54#54: signal process started
2018/09/11 07:50:25 [emerg] 1#1: host not found in upstream "${APP_NAME}-fpm:9000" in /etc/nginx/conf.d/upstream.conf:1
2018/09/11 07:50:30 [notice] 58#58: signal process started
2018/09/11 07:53:49 [notice] 37#37: signal process started
2018/09/11 07:53:49 [emerg] 1#1: host not found in upstream "${APP_NAME}-fpm:9000" in /etc/nginx/conf.d/upstream.conf:1
2018/09/11 07:53:55 [notice] 43#43: signal process started
2018/09/11 07:55:11 [notice] 40#40: signal process started
2018/09/11 07:55:13 [notice] 47#47: signal process started
2018/09/11 07:55:12 [emerg] 1#1: host not found in upstream "${APP_NAME}-fpm:9000" in /etc/nginx/conf.d/upstream.conf:1
2018/09/11 07:55:18 [notice] 51#51: signal process started
2018/09/11 07:55:28 [notice] 55#55: signal process started
2018/09/11 07:55:28 [emerg] 1#1: host not found in upstream "${APP_NAME}-fpm:9000" in /etc/nginx/conf.d/upstream.conf:1
2018/09/11 07:55:34 [notice] 59#59: signal process started
2018/09/11 07:55:43 [notice] 62#62: signal process started
2018/09/11 08:05:58 [notice] 38#38: signal process started
2018/09/11 08:05:59 [notice] 44#44: signal process started
2018/09/11 08:05:59 [notice] 48#48: signal process started
2018/09/11 08:06:43 [notice] 52#52: signal process started
2018/09/11 08:17:39 [emerg] 1#1: directive "server" is not terminated by ";" in /etc/nginx/conf.d/upstream.conf:1
2018/09/11 08:17:39 [emerg] 1#1: directive "server" is not terminated by ";" in /etc/nginx/conf.d/upstream.conf:1
2018/09/11 08:17:39 [notice] 35#35: signal process started
2018/09/11 08:17:40 [notice] 42#42: signal process started
2018/09/11 08:17:55 [emerg] 1#1: directive "server" is not terminated by ";" in /etc/nginx/conf.d/upstream.conf:1
2018/09/11 08:17:55 [notice] 47#47: signal process started
2018/09/11 08:17:56 [notice] 51#51: signal process started
2018/09/11 08:18:49 [emerg] 1#1: directive "server" is not terminated by ";" in /etc/nginx/conf.d/upstream.conf:1
2018/09/11 08:18:49 [emerg] 1#1: directive "server" is not terminated by ";" in /etc/nginx/conf.d/upstream.conf:1
2018/09/11 08:18:49 [notice] 39#39: signal process started
2018/09/11 08:18:50 [notice] 43#43: signal process started
2018/09/11 08:19:16 [emerg] 1#1: directive "server" is not terminated by ";" in /etc/nginx/conf.d/upstream.conf:1
2018/09/11 08:19:16 [notice] 47#47: signal process started
2018/09/11 08:19:17 [notice] 51#51: signal process started
2018/09/11 08:20:50 [emerg] 1#1: directive "server" is not terminated by ";" in /etc/nginx/conf.d/upstream.conf:1
2018/09/11 08:20:50 [notice] 55#55: signal process started
2018/09/11 08:20:51 [notice] 59#59: signal process started
2018/09/11 08:24:21 [emerg] 1#1: directive "server" is not terminated by ";" in /etc/nginx/conf.d/upstream.conf:1
2018/09/11 08:24:21 [notice] 82#82: signal process started
2018/09/11 08:24:21 [notice] 86#86: signal process started
2018/09/11 08:26:02 [emerg] 1#1: directive "server" is not terminated by ";" in /etc/nginx/conf.d/upstream.conf:1
2018/09/11 08:26:02 [notice] 90#90: signal process started
2018/09/11 08:26:02 [notice] 94#94: signal process started
2018/09/11 08:26:09 [emerg] 1#1: directive "server" is not terminated by ";" in /etc/nginx/conf.d/upstream.conf:1
2018/09/11 08:26:09 [notice] 98#98: signal process started
2018/09/11 08:26:10 [notice] 102#102: signal process started
2018/09/11 08:26:18 [emerg] 1#1: directive "server" is not terminated by ";" in /etc/nginx/conf.d/upstream.conf:1
2018/09/11 08:26:18 [notice] 106#106: signal process started
2018/09/11 08:26:18 [notice] 110#110: signal process started
2018/09/11 08:27:42 [emerg] 1#1: directive "server" is not terminated by ";" in /etc/nginx/conf.d/upstream.conf:1
2018/09/11 08:27:43 [emerg] 1#1: directive "server" is not terminated by ";" in /etc/nginx/conf.d/upstream.conf:1
2018/09/11 08:27:43 [notice] 39#39: signal process started
2018/09/11 08:27:44 [notice] 46#46: signal process started
2018/09/11 08:27:54 [emerg] 1#1: directive "server" is not terminated by ";" in /etc/nginx/conf.d/upstream.conf:1
2018/09/11 08:27:54 [notice] 50#50: signal process started
2018/09/11 08:27:54 [notice] 54#54: signal process started
2018/09/11 08:28:03 [notice] 57#57: signal process started
2018/09/11 08:43:05 [emerg] 1#1: directive "server" is not terminated by ";" in /etc/nginx/conf.d/upstream.conf:1
2018/09/11 08:43:05 [notice] 62#62: signal process started
2018/09/11 08:43:06 [notice] 66#66: signal process started
2018/09/11 08:44:29 [emerg] 1#1: directive "server" is not terminated by ";" in /etc/nginx/conf.d/upstream.conf:1
2018/09/11 08:44:29 [notice] 37#37: signal process started
2018/09/11 08:44:30 [notice] 42#42: signal process started
2018/09/11 08:44:46 [emerg] 1#1: directive "server" is not terminated by ";" in /etc/nginx/conf.d/upstream.conf:1
2018/09/11 08:44:46 [notice] 46#46: signal process started
2018/09/11 08:44:47 [notice] 50#50: signal process started
2018/09/11 08:50:24 [notice] 36#36: signal process started
2018/09/11 08:50:25 [emerg] 1#1: directive "server" is not terminated by ";" in /etc/nginx/conf.d/upstream.conf:1
2018/09/11 08:50:25 [notice] 42#42: signal process started
2018/09/11 08:50:26 [notice] 47#47: signal process started
2018/09/11 08:50:49 [emerg] 1#1: directive "server" is not terminated by ";" in /etc/nginx/conf.d/upstream.conf:1
2018/09/11 08:50:49 [notice] 51#51: signal process started
2018/09/11 08:50:50 [notice] 55#55: signal process started
2018/09/11 09:12:56 [notice] 39#39: signal process started
2018/09/11 09:12:56 [emerg] 1#1: directive "server" is not terminated by ";" in /etc/nginx/conf.d/upstream.conf:1
2018/09/11 09:12:57 [notice] 44#44: signal process started
2018/09/11 09:13:30 [notice] 48#48: signal process started
2018/09/11 09:14:25 [emerg] 1#1: directive "server" is not terminated by ";" in /etc/nginx/conf.d/upstream.conf:1
2018/09/11 09:14:25 [notice] 35#35: signal process started
2018/09/11 09:14:26 [notice] 42#42: signal process started
2018/09/11 09:16:16 [emerg] 1#1: directive "server" is not terminated by ";" in /etc/nginx/conf.d/upstream.conf:1
2018/09/11 09:16:16 [notice] 46#46: signal process started
2018/09/11 09:16:17 [notice] 50#50: signal process started
2018/09/11 09:19:02 [notice] 40#40: signal process started
2018/09/11 09:19:03 [emerg] 1#1: directive "server" is not terminated by ";" in /etc/nginx/conf.d/upstream.conf:1
2018/09/11 09:19:16 [emerg] 1#1: directive "server" is not terminated by ";" in /etc/nginx/conf.d/upstream.conf:1
2018/09/11 09:19:16 [notice] 46#46: signal process started
2018/09/11 09:19:16 [notice] 50#50: signal process started
2018/09/11 09:19:36 [notice] 53#53: signal process started
2018/09/11 09:20:42 [emerg] 1#1: directive "server" is not terminated by ";" in /etc/nginx/conf.d/upstream.conf:1
2018/09/11 09:20:42 [notice] 58#58: signal process started
2018/09/11 09:20:43 [notice] 62#62: signal process started
2018/09/11 09:21:09 [emerg] 1#1: directive "server" is not terminated by ";" in /etc/nginx/conf.d/upstream.conf:1
2018/09/11 09:21:09 [notice] 66#66: signal process started
2018/09/11 09:21:10 [notice] 70#70: signal process started
2018/09/11 09:21:42 [emerg] 1#1: directive "server" is not terminated by ";" in /etc/nginx/conf.d/upstreams.conf:1
2018/09/11 09:21:42 [notice] 74#74: signal process started
2018/09/11 09:21:42 [notice] 78#78: signal process started
2018/09/11 09:22:10 [emerg] 1#1: directive "server" is not terminated by ";" in /etc/nginx/conf.d/upstream.conf:1
2018/09/11 09:22:11 [notice] 82#82: signal process started
2018/09/11 09:22:11 [notice] 86#86: signal process started
2018/09/11 09:22:36 [emerg] 1#1: no port in upstream "php-upstream" in /etc/nginx/sites-available/http.conf:15
2018/09/11 09:22:36 [notice] 90#90: signal process started
2018/09/11 09:22:37 [notice] 94#94: signal process started
2018/09/11 09:26:15 [emerg] 1#1: no port in upstream "php-upstream" in /etc/nginx/sites-available/http.conf:15
2018/09/11 09:26:15 [notice] 37#37: signal process started
2018/09/11 09:26:15 [notice] 42#42: signal process started
2018/09/11 09:28:13 [emerg] 1#1: no port in upstream "php-upstream" in /etc/nginx/sites-available/http.conf:15
2018/09/11 09:28:13 [notice] 47#47: signal process started
2018/09/11 09:28:14 [notice] 51#51: signal process started
2018/09/11 09:35:42 [emerg] 1#1: no host in upstream ":9000" in /etc/nginx/conf.d/upstream.conf:1
2018/09/11 09:35:42 [notice] 55#55: signal process started
2018/09/11 09:35:43 [notice] 59#59: signal process started
2018/09/11 09:36:48 [emerg] 1#1: directive "server" is not terminated by ";" in /etc/nginx/conf.d/upstream.conf:1
2018/09/11 09:36:48 [notice] 63#63: signal process started
2018/09/11 09:36:49 [notice] 67#67: signal process started
2018/09/11 09:38:00 [emerg] 1#1: directive "server" is not terminated by ";" in /etc/nginx/conf.d/upstream.conf:1
2018/09/11 09:38:00 [notice] 72#72: signal process started
2018/09/11 09:38:01 [notice] 76#76: signal process started
2018/09/11 09:38:56 [emerg] 1#1: directive "server" is not terminated by ";" in /etc/nginx/conf.d/upstream.conf:1
2018/09/11 09:38:56 [notice] 80#80: signal process started
2018/09/11 09:38:57 [notice] 84#84: signal process started
2018/09/11 09:51:21 [emerg] 1#1: directive "server" is not terminated by ";" in /etc/nginx/conf.d/upstream.conf:1
2018/09/11 09:51:21 [notice] 88#88: signal process started
2018/09/11 09:51:21 [notice] 92#92: signal process started
2018/09/11 09:52:52 [emerg] 1#1: directive "server" is not terminated by ";" in /etc/nginx/conf.d/upstream.conf:1
2018/09/11 09:52:53 [notice] 96#96: signal process started
2018/09/11 09:52:53 [notice] 100#100: signal process started
2018/09/11 09:55:48 [emerg] 1#1: directive "server" is not terminated by ";" in /etc/nginx/conf.d/upstream.conf:1
2018/09/11 09:55:48 [notice] 104#104: signal process started
2018/09/11 09:55:49 [notice] 108#108: signal process started
2018/09/11 09:56:12 [notice] 112#112: signal process started
2018/09/11 09:56:32 [notice] 116#116: signal process started
2018/09/11 09:57:09 [notice] 35#35: signal process started
2018/09/11 09:59:27 [notice] 42#42: signal process started
2018/09/11 09:59:36 [notice] 46#46: signal process started
2018/09/11 10:07:49 [notice] 38#38: signal process started
2018/09/11 11:07:16 [notice] 42#42: signal process started
2018/09/11 11:07:17 [notice] 46#46: signal process started
2018/09/11 12:16:01 [notice] 40#40: signal process started
2018/09/11 12:16:02 [notice] 46#46: signal process started
2018/09/11 12:16:55 [notice] 49#49: signal process started
2018/09/11 12:18:11 [notice] 54#54: signal process started
2018/09/11 12:18:12 [notice] 58#58: signal process started
2018/09/11 12:18:12 [notice] 62#62: signal process started
2018/09/11 12:18:15 [notice] 66#66: signal process started
2018/09/11 16:38:51 [notice] 40#40: signal process started
2018/09/11 16:38:51 [notice] 45#45: signal process started
2018/09/11 16:38:55 [notice] 50#50: signal process started
2018/09/11 16:41:11 [notice] 35#35: signal process started
2018/09/11 16:41:12 [notice] 41#41: signal process started
2018/09/11 16:41:13 [notice] 46#46: signal process started
2018/09/11 16:55:23 [notice] 35#35: signal process started
2018/09/12 02:48:09 [notice] 36#36: signal process started
2018/09/12 02:48:09 [notice] 43#43: signal process started
